<?xml version="1.0" encoding="UTF-8"?>
<testng-results skipped="0" failed="0" total="1" passed="1">
  <reporter-output>
  </reporter-output>
  <suite name="Default suite" duration-ms="91789" started-at="2020-06-24T12:09:39Z" finished-at="2020-06-24T12:11:10Z">
    <groups>
    </groups>
    <test name="Default test" duration-ms="91789" started-at="2020-06-24T12:09:39Z" finished-at="2020-06-24T12:11:10Z">
      <class name="com.droom.Test.CreateQuickSellListingPageTest">
        <test-method status="PASS" signature="beforeTest()[pri:0, instance:com.droom.Test.CreateQuickSellListingPageTest@4678c730]" name="beforeTest" is-config="true" duration-ms="23100" started-at="2020-06-24T17:39:39Z" finished-at="2020-06-24T17:40:02Z">
          <reporter-output>
          </reporter-output>
        </test-method> <!-- beforeTest -->
        <test-method status="PASS" signature="beforeMethod()[pri:0, instance:com.droom.Test.CreateQuickSellListingPageTest@4678c730]" name="beforeMethod" is-config="true" duration-ms="22987" started-at="2020-06-24T17:40:02Z" finished-at="2020-06-24T17:40:25Z">
          <reporter-output>
          </reporter-output>
        </test-method> <!-- beforeMethod -->
        <test-method status="PASS" signature="createQuickSellListingTest()[pri:0, instance:com.droom.Test.CreateQuickSellListingPageTest@4678c730]" name="createQuickSellListingTest" duration-ms="40763" started-at="2020-06-24T17:40:25Z" finished-at="2020-06-24T17:41:05Z">
          <reporter-output>
          </reporter-output>
        </test-method> <!-- createQuickSellListingTest -->
        <test-method status="PASS" signature="AfterMethod()[pri:0, instance:com.droom.Test.CreateQuickSellListingPageTest@4678c730]" name="AfterMethod" is-config="true" duration-ms="2489" started-at="2020-06-24T17:41:05Z" finished-at="2020-06-24T17:41:08Z">
          <reporter-output>
          </reporter-output>
        </test-method> <!-- AfterMethod -->
        <test-method status="PASS" signature="afterTest()[pri:0, instance:com.droom.Test.CreateQuickSellListingPageTest@4678c730]" name="afterTest" is-config="true" duration-ms="2425" started-at="2020-06-24T17:41:08Z" finished-at="2020-06-24T17:41:10Z">
          <reporter-output>
          </reporter-output>
        </test-method> <!-- afterTest -->
      </class> <!-- com.droom.Test.CreateQuickSellListingPageTest -->
    </test> <!-- Default test -->
  </suite> <!-- Default suite -->
</testng-results>
